[90m2023-11-21T12:22:51.264Z[39m [96mINFO[39m [97m@wdio/browserstack-service[39m app is not defined in browserstack-service config, skipping ...
[90m2023-11-21T12:22:51.265Z[39m [32mDEBUG[39m [97m@wdio/browserstack-service[39m Sending launch start event
[90m2023-11-21T12:22:51.822Z[39m [32mDEBUG[39m [97m@wdio/browserstack-service[39m [Start_Build] Success response: {"build_hashed_id":"nkhvj1va1zzhwiscqp6elmv7gdgbdd1tsdojzuzk","jwt":"eyJhbGciOiJIUzI1NiJ9.eyJpc3MiOiJicm93c2Vyc3RhY2tfb2IiLCJzdWIiOiI3OTYxODMwIiwiZ3JvdXBfaWQiOjc4NjkzNDcsInVzZXJfaWQiOjc5NjE4MzAsImJ1aWxkX2hhc2hlZF9pZCI6Im5raHZqMXZhMXp6aHdpc2NxcDZlbG12N2dkZ2JkZDF0c2Rvanp1emsiLCJob29rX2FzX3Rlc3QiOiIxIiwiaWF0IjoxNzAwNTY5MzcxLCJleHAiOjE3MDA5MTQ5NzF9.XJtxs2XM3QiQNa1oPsZkXJ6dAQkKDztMExX5ZwZDI2Y","allow_screenshots":true}
[90m2023-11-21T12:22:51.823Z[39m [96mINFO[39m [97m@wdio/browserstack-service[39m browserstackLocal is not enabled - skipping...
[90m2023-11-21T12:23:11.774Z[39m [32mDEBUG[39m [97m@wdio/browserstack-service[39m Requesting Browserstack session URL at https://api-cloud.browserstack.com/app-automate/sessions/9fb1a1e8f72127565ae2a8b2f355c92267faa92a.json
[90m2023-11-21T12:23:12.128Z[39m [96mINFO[39m [97m@wdio/browserstack-service[39m  session: https://app-automate.browserstack.com/builds/d68f9815b5978f26087be3b03bf5031e57f2d308/sessions/9fb1a1e8f72127565ae2a8b2f355c92267faa92a
[90m2023-11-21T12:23:12.135Z[39m [96mINFO[39m [97m@wdio/browserstack-service[39m Update job with sessionId 9fb1a1e8f72127565ae2a8b2f355c92267faa92a
[90m2023-11-21T12:23:12.135Z[39m [32mDEBUG[39m [97m@wdio/browserstack-service[39m Updating Browserstack session at https://api-cloud.browserstack.com/app-automate/sessions/9fb1a1e8f72127565ae2a8b2f355c92267faa92a.json with request body: 
[90m2023-11-21T12:23:12.436Z[39m [32mDEBUG[39m [97m@wdio/browserstack-service[39m Added data to request queue. Queue length = 1
[90m2023-11-21T12:23:12.573Z[39m [32mDEBUG[39m [97m@wdio/browserstack-service[39m Added data to request queue. Queue length = 2
[90m2023-11-21T12:23:12.712Z[39m [32mDEBUG[39m [97m@wdio/browserstack-service[39m Added data to request queue. Queue length = 3
[90m2023-11-21T12:23:13.693Z[39m [32mDEBUG[39m [97m@wdio/browserstack-service[39m Added data to request queue. Queue length = 4
[90m2023-11-21T12:23:13.721Z[39m [32mDEBUG[39m [97m@wdio/browserstack-service[39m Sending data from request queue. Data length = 4, Queue length after removal = 0
[90m2023-11-21T12:23:13.806Z[39m [32mDEBUG[39m [97m@wdio/browserstack-service[39m Added data to request queue. Queue length = 1
[90m2023-11-21T12:23:13.941Z[39m [32mDEBUG[39m [97m@wdio/browserstack-service[39m Added data to request queue. Queue length = 2
[90m2023-11-21T12:23:14.060Z[39m [32mDEBUG[39m [97m@wdio/browserstack-service[39m Added data to request queue. Queue length = 3
[90m2023-11-21T12:23:14.115Z[39m [32mDEBUG[39m [97m@wdio/browserstack-service[39m [INTERVAL_QUEUE] Success response: {"success":true}
[90m2023-11-21T12:23:14.711Z[39m [32mDEBUG[39m [97m@wdio/browserstack-service[39m Added data to request queue. Queue length = 4
[90m2023-11-21T12:23:15.721Z[39m [32mDEBUG[39m [97m@wdio/browserstack-service[39m Sending data from request queue. Data length = 4, Queue length after removal = 0
[90m2023-11-21T12:23:15.824Z[39m [32mDEBUG[39m [97m@wdio/browserstack-service[39m [INTERVAL_QUEUE] Success response: {"success":true}
[90m2023-11-21T12:23:15.916Z[39m [32mDEBUG[39m [97m@wdio/browserstack-service[39m Added data to request queue. Queue length = 1
[90m2023-11-21T12:23:16.060Z[39m [32mDEBUG[39m [97m@wdio/browserstack-service[39m Added data to request queue. Queue length = 2
[90m2023-11-21T12:23:16.147Z[39m [32mDEBUG[39m [97m@wdio/browserstack-service[39m Added data to request queue. Queue length = 3
[90m2023-11-21T12:23:16.273Z[39m [32mDEBUG[39m [97m@wdio/browserstack-service[39m Added data to request queue. Queue length = 4
[90m2023-11-21T12:23:16.370Z[39m [32mDEBUG[39m [97m@wdio/browserstack-service[39m Added data to request queue. Queue length = 5
[90m2023-11-21T12:23:16.908Z[39m [32mDEBUG[39m [97m@wdio/browserstack-service[39m Added data to request queue. Queue length = 6
[90m2023-11-21T12:23:17.020Z[39m [32mDEBUG[39m [97m@wdio/browserstack-service[39m Added data to request queue. Queue length = 7
[90m2023-11-21T12:23:17.721Z[39m [32mDEBUG[39m [97m@wdio/browserstack-service[39m Sending data from request queue. Data length = 7, Queue length after removal = 0
[90m2023-11-21T12:23:17.725Z[39m [32mDEBUG[39m [97m@wdio/browserstack-service[39m Added data to request queue. Queue length = 1
[90m2023-11-21T12:23:17.823Z[39m [32mDEBUG[39m [97m@wdio/browserstack-service[39m [INTERVAL_QUEUE] Success response: {"success":true}
[90m2023-11-21T12:23:18.449Z[39m [32mDEBUG[39m [97m@wdio/browserstack-service[39m Added data to request queue. Queue length = 2
[90m2023-11-21T12:23:19.068Z[39m [32mDEBUG[39m [97m@wdio/browserstack-service[39m Added data to request queue. Queue length = 3
[90m2023-11-21T12:23:19.154Z[39m [32mDEBUG[39m [97m@wdio/browserstack-service[39m Added data to request queue. Queue length = 4
[90m2023-11-21T12:23:19.258Z[39m [32mDEBUG[39m [97m@wdio/browserstack-service[39m Added data to request queue. Queue length = 5
[90m2023-11-21T12:23:19.339Z[39m [32mDEBUG[39m [97m@wdio/browserstack-service[39m Added data to request queue. Queue length = 6
[90m2023-11-21T12:23:19.722Z[39m [32mDEBUG[39m [97m@wdio/browserstack-service[39m Sending data from request queue. Data length = 6, Queue length after removal = 0
[90m2023-11-21T12:23:19.804Z[39m [32mDEBUG[39m [97m@wdio/browserstack-service[39m Added data to request queue. Queue length = 1
[90m2023-11-21T12:23:19.804Z[39m [32mDEBUG[39m [97m@wdio/browserstack-service[39m Added data to request queue. Queue length = 2
[90m2023-11-21T12:23:19.806Z[39m [96mINFO[39m [97m@wdio/browserstack-service[39m Update job with sessionId 9fb1a1e8f72127565ae2a8b2f355c92267faa92a
[90m2023-11-21T12:23:19.806Z[39m [32mDEBUG[39m [97m@wdio/browserstack-service[39m Updating Browserstack session at https://api-cloud.browserstack.com/app-automate/sessions/9fb1a1e8f72127565ae2a8b2f355c92267faa92a.json with request body: 
[90m2023-11-21T12:23:19.827Z[39m [32mDEBUG[39m [97m@wdio/browserstack-service[39m [INTERVAL_QUEUE] Success response: {"success":true}
[90m2023-11-21T12:23:20.177Z[39m [32mDEBUG[39m [97m@wdio/browserstack-service[39m Added data to request queue. Queue length = 3
[90m2023-11-21T12:23:20.421Z[39m [32mDEBUG[39m [97m@wdio/browserstack-service[39m Added data to request queue. Queue length = 4
[90m2023-11-21T12:23:20.515Z[39m [32mDEBUG[39m [97m@wdio/browserstack-service[39m Added data to request queue. Queue length = 5
[90m2023-11-21T12:23:20.649Z[39m [32mDEBUG[39m [97m@wdio/browserstack-service[39m Added data to request queue. Queue length = 6
[90m2023-11-21T12:23:20.979Z[39m [32mDEBUG[39m [97m@wdio/browserstack-service[39m Added data to request queue. Queue length = 7
[90m2023-11-21T12:23:21.722Z[39m [32mDEBUG[39m [97m@wdio/browserstack-service[39m Sending data from request queue. Data length = 7, Queue length after removal = 0
[90m2023-11-21T12:23:21.827Z[39m [32mDEBUG[39m [97m@wdio/browserstack-service[39m [INTERVAL_QUEUE] Success response: {"success":true}
[90m2023-11-21T12:23:22.055Z[39m [32mDEBUG[39m [97m@wdio/browserstack-service[39m Added data to request queue. Queue length = 1
[90m2023-11-21T12:23:22.176Z[39m [32mDEBUG[39m [97m@wdio/browserstack-service[39m Added data to request queue. Queue length = 2
[90m2023-11-21T12:23:23.068Z[39m [32mDEBUG[39m [97m@wdio/browserstack-service[39m Added data to request queue. Queue length = 3
[90m2023-11-21T12:23:23.723Z[39m [32mDEBUG[39m [97m@wdio/browserstack-service[39m Sending data from request queue. Data length = 3, Queue length after removal = 0
[90m2023-11-21T12:23:23.825Z[39m [32mDEBUG[39m [97m@wdio/browserstack-service[39m [INTERVAL_QUEUE] Success response: {"success":true}
[90m2023-11-21T12:23:23.834Z[39m [32mDEBUG[39m [97m@wdio/browserstack-service[39m Added data to request queue. Queue length = 1
[90m2023-11-21T12:23:23.967Z[39m [32mDEBUG[39m [97m@wdio/browserstack-service[39m Added data to request queue. Queue length = 2
[90m2023-11-21T12:23:24.113Z[39m [32mDEBUG[39m [97m@wdio/browserstack-service[39m Added data to request queue. Queue length = 3
[90m2023-11-21T12:23:24.418Z[39m [32mDEBUG[39m [97m@wdio/browserstack-service[39m Added data to request queue. Queue length = 4
[90m2023-11-21T12:23:25.071Z[39m [32mDEBUG[39m [97m@wdio/browserstack-service[39m Added data to request queue. Queue length = 5
[90m2023-11-21T12:23:25.264Z[39m [32mDEBUG[39m [97m@wdio/browserstack-service[39m Added data to request queue. Queue length = 6
[90m2023-11-21T12:23:25.724Z[39m [32mDEBUG[39m [97m@wdio/browserstack-service[39m Sending data from request queue. Data length = 6, Queue length after removal = 0
[90m2023-11-21T12:23:25.838Z[39m [32mDEBUG[39m [97m@wdio/browserstack-service[39m [INTERVAL_QUEUE] Success response: {"success":true}
[90m2023-11-21T12:23:26.245Z[39m [32mDEBUG[39m [97m@wdio/browserstack-service[39m Added data to request queue. Queue length = 1
[90m2023-11-21T12:23:27.335Z[39m [32mDEBUG[39m [97m@wdio/browserstack-service[39m Added data to request queue. Queue length = 2
[90m2023-11-21T12:23:27.478Z[39m [32mDEBUG[39m [97m@wdio/browserstack-service[39m Added data to request queue. Queue length = 3
[90m2023-11-21T12:23:27.563Z[39m [32mDEBUG[39m [97m@wdio/browserstack-service[39m Added data to request queue. Queue length = 4
[90m2023-11-21T12:23:27.564Z[39m [32mDEBUG[39m [97m@wdio/browserstack-service[39m Added data to request queue. Queue length = 5
[90m2023-11-21T12:23:27.567Z[39m [96mINFO[39m [97m@wdio/browserstack-service[39m Update job with sessionId 9fb1a1e8f72127565ae2a8b2f355c92267faa92a
[90m2023-11-21T12:23:27.567Z[39m [32mDEBUG[39m [97m@wdio/browserstack-service[39m Updating Browserstack session at https://api-cloud.browserstack.com/app-automate/sessions/9fb1a1e8f72127565ae2a8b2f355c92267faa92a.json with request body: 
[90m2023-11-21T12:23:27.725Z[39m [32mDEBUG[39m [97m@wdio/browserstack-service[39m Sending data from request queue. Data length = 5, Queue length after removal = 0
[90m2023-11-21T12:23:27.856Z[39m [32mDEBUG[39m [97m@wdio/browserstack-service[39m [INTERVAL_QUEUE] Success response: {"success":true}
[90m2023-11-21T12:23:27.948Z[39m [32mDEBUG[39m [97m@wdio/browserstack-service[39m Shutting down request queue
[90m2023-11-21T12:23:28.805Z[39m [32mDEBUG[39m [97m@wdio/browserstack-service[39m Added data to request queue. Queue length = 1
[90m2023-11-21T12:23:28.930Z[39m [32mDEBUG[39m [97m@wdio/browserstack-service[39m Inside OnComplete hook..
[90m2023-11-21T12:23:28.930Z[39m [32mDEBUG[39m [97m@wdio/browserstack-service[39m Sending stop launch event
[90m2023-11-21T12:23:29.037Z[39m [32mDEBUG[39m [97m@wdio/browserstack-service[39m [STOP_BUILD] Success response: ""
[90m2023-11-21T12:23:29.723Z[39m [32mDEBUG[39m [97m@wdio/browserstack-service[39m Response - {
  status: 'success',
  message: 'Logs upload successful in file - logs.gz'
}
